\BOOKMARK [0][-]{chapter.1}{Introduction}{}% 1
\BOOKMARK [1][-]{section.1.1}{Motivation}{chapter.1}% 2
\BOOKMARK [1][-]{section.1.2}{\(A Very Brief\) Introduction to Design Economics}{chapter.1}% 3
\BOOKMARK [1][-]{section.1.3}{Structure of the Thesis}{chapter.1}% 4
\BOOKMARK [0][-]{chapter.2}{A Realist Argument for Design Economics}{}% 5
\BOOKMARK [1][-]{section.2.1}{Introduction}{chapter.2}% 6
\BOOKMARK [1][-]{section.2.2}{Explaining a Successful Science}{chapter.2}% 7
\BOOKMARK [1][-]{section.2.3}{What is `Design Economics'?}{chapter.2}% 8
\BOOKMARK [1][-]{section.2.4}{Explaining the Success of Design Economics}{chapter.2}% 9
\BOOKMARK [1][-]{section.2.5}{The Role of Theory}{chapter.2}% 10
\BOOKMARK [1][-]{section.2.6}{Conclusion}{chapter.2}% 11
\BOOKMARK [0][-]{chapter.3}{Simulations on Optimal Auctions in Multidimensional Settings}{}% 12
\BOOKMARK [1][-]{section.3.1}{Introduction}{chapter.3}% 13
\BOOKMARK [1][-]{section.3.2}{Literature Review}{chapter.3}% 14
\BOOKMARK [1][-]{section.3.3}{Model}{chapter.3}% 15
\BOOKMARK [2][-]{subsection.3.3.1}{Exclusive Buyer Mechanism}{section.3.3}% 16
\BOOKMARK [1][-]{section.3.4}{Conjectures and Simulations}{chapter.3}% 17
\BOOKMARK [2][-]{subsection.3.4.1}{Methodology}{section.3.4}% 18
\BOOKMARK [2][-]{subsection.3.4.2}{Conjectures}{section.3.4}% 19
\BOOKMARK [2][-]{subsection.3.4.3}{Simulations}{section.3.4}% 20
\BOOKMARK [1][-]{section.3.5}{Discussion \046 Conclusion}{chapter.3}% 21
\BOOKMARK [2][-]{subsection.3.5.1}{Conjecture 1 \(Revenue\)}{section.3.5}% 22
\BOOKMARK [2][-]{subsection.3.5.2}{Conjecture 2 \(Allocations\)}{section.3.5}% 23
\BOOKMARK [2][-]{subsection.3.5.3}{Conjecture 3 \(Measure Zero Exclusion Region\)}{section.3.5}% 24
\BOOKMARK [2][-]{subsection.3.5.4}{Conjecture 4 \(Same Exclusion Region for all N\)}{section.3.5}% 25
\BOOKMARK [2][-]{subsection.3.5.5}{Conclusion}{section.3.5}% 26
\BOOKMARK [0][-]{chapter.4}{Reflexive Measurement}{}% 27
\BOOKMARK [1][-]{section.4.1}{Introduction}{chapter.4}% 28
\BOOKMARK [1][-]{section.4.2}{Literature Review}{chapter.4}% 29
\BOOKMARK [1][-]{section.4.3}{Characterizing Reflexivity}{chapter.4}% 30
\BOOKMARK [1][-]{section.4.4}{Reflexive Measurement}{chapter.4}% 31
\BOOKMARK [1][-]{section.4.5}{Distribution Shift and Mechanism Design}{chapter.4}% 32
\BOOKMARK [1][-]{section.4.6}{Conclusion}{chapter.4}% 33
\BOOKMARK [0][-]{chapter.5}{Conclusion}{}% 34
\BOOKMARK [1][-]{section.5.1}{Summary}{chapter.5}% 35
\BOOKMARK [1][-]{section.5.2}{Future Work}{chapter.5}% 36
\BOOKMARK [0][-]{chapter.6}{Bibliography}{}% 37
\BOOKMARK [0][-]{chapter.7}{Appendix}{}% 38
\BOOKMARK [1][-]{section.7.1}{Approximation Algorithm for Optimal Multidimensional Auctions}{chapter.7}% 39
\BOOKMARK [1][-]{section.7.2}{Census Non-Response Calculations}{chapter.7}% 40
