\BOOKMARK [1][-]{section.1}{Introduction}{}% 1
\BOOKMARK [1][-]{section.2}{Literature Review}{}% 2
\BOOKMARK [1][-]{section.3}{Model}{}% 3
\BOOKMARK [2][-]{subsection.3.1}{Exclusive Buyer Mechanism}{section.3}% 4
\BOOKMARK [1][-]{section.4}{Conjectures and Simulations}{}% 5
\BOOKMARK [2][-]{subsection.4.1}{Methodology}{section.4}% 6
\BOOKMARK [2][-]{subsection.4.2}{Conjectures}{section.4}% 7
\BOOKMARK [2][-]{subsection.4.3}{Simulations}{section.4}% 8
\BOOKMARK [3][-]{subsubsection.4.3.1}{Symmetric, independent, and uniform}{subsection.4.3}% 9
\BOOKMARK [3][-]{subsubsection.4.3.2}{Symmetric, independent, and non-uniform setting}{subsection.4.3}% 10
\BOOKMARK [3][-]{subsubsection.4.3.3}{Symmetric, correlated setting}{subsection.4.3}% 11
\BOOKMARK [3][-]{subsubsection.4.3.4}{Asymmetric, independent, and uniform setting}{subsection.4.3}% 12
\BOOKMARK [3][-]{subsubsection.4.3.5}{Asymmetric, independent, and non-uniform setting}{subsection.4.3}% 13
\BOOKMARK [1][-]{section.5}{Discussion \046 Conclusion}{}% 14
\BOOKMARK [2][-]{subsection.5.1}{Conjecture 1}{section.5}% 15
\BOOKMARK [2][-]{subsection.5.2}{Conjecture 2}{section.5}% 16
\BOOKMARK [2][-]{subsection.5.3}{Conjecture 3}{section.5}% 17
\BOOKMARK [2][-]{subsection.5.4}{Conjecture 4}{section.5}% 18
\BOOKMARK [2][-]{subsection.5.5}{Conclusion}{section.5}% 19
\BOOKMARK [1][-]{section.6}{References}{}% 20
\BOOKMARK [1][-]{section.7}{Appendix: Approximation Algorithm}{}% 21
